<?xml version="1.0" encoding="UTF-8"?>
<testng-results ignored="0" total="1" passed="1" failed="0" skipped="0">
  <reporter-output>
  </reporter-output>
  <suite started-at="2022-09-08T12:42:29 GMT-05:00" name="Default suite" finished-at="2022-09-08T12:42:49 GMT-05:00" duration-ms="20558">
    <groups>
    </groups>
    <test started-at="2022-09-08T12:42:29 GMT-05:00" name="Default test" finished-at="2022-09-08T12:42:49 GMT-05:00" duration-ms="20558">
      <class name="seleniumclasses.TestNg02">
        <test-method signature="googlesearch()[pri:0, instance:seleniumclasses.TestNg02@2dc54ad4]" started-at="2022-09-08T12:42:29 GMT-05:00" name="googlesearch" finished-at="2022-09-08T12:42:49 GMT-05:00" duration-ms="20492" status="PASS">
          <reporter-output>
          </reporter-output>
        </test-method> <!-- googlesearch -->
      </class> <!-- seleniumclasses.TestNg02 -->
    </test> <!-- Default test -->
  </suite> <!-- Default suite -->
</testng-results>
